{"level":"error","message":"Error analyzing player: Player not found","metadata":{"environment":"test","service":"smurfguard-api","stack":"Error: Player not found\n    at Object.<anonymous> (D:\\Passion Project v2\\src\\tests\\SmurfDetectionService.test.ts:323:55)\n    at Promise.then.completed (D:\\Passion Project v2\\node_modules\\jest-circus\\build\\utils.js:298:28)\n    at new Promise (<anonymous>)\n    at callAsyncCircusFn (D:\\Passion Project v2\\node_modules\\jest-circus\\build\\utils.js:231:10)\n    at _callCircusTest (D:\\Passion Project v2\\node_modules\\jest-circus\\build\\run.js:316:40)\n    at processTicksAndRejections (node:internal/process/task_queues:105:5)\n    at _runTest (D:\\Passion Project v2\\node_modules\\jest-circus\\build\\run.js:252:3)\n    at _runTestsForDescribeBlock (D:\\Passion Project v2\\node_modules\\jest-circus\\build\\run.js:126:9)\n    at _runTestsForDescribeBlock (D:\\Passion Project v2\\node_modules\\jest-circus\\build\\run.js:121:9)\n    at _runTestsForDescribeBlock (D:\\Passion Project v2\\node_modules\\jest-circus\\build\\run.js:121:9)\n    at run (D:\\Passion Project v2\\node_modules\\jest-circus\\build\\run.js:71:3)\n    at runAndTransformResultsToJestFormat (D:\\Passion Project v2\\node_modules\\jest-circus\\build\\legacy-code-todo-rewrite\\jestAdapterInit.js:122:21)\n    at jestAdapter (D:\\Passion Project v2\\node_modules\\jest-circus\\build\\legacy-code-todo-rewrite\\jestAdapter.js:79:19)\n    at runTestInternal (D:\\Passion Project v2\\node_modules\\jest-runner\\build\\runTest.js:367:16)\n    at runTest (D:\\Passion Project v2\\node_modules\\jest-runner\\build\\runTest.js:444:34)","timestamp":"2025-06-16T14:35:08.167Z","version":"2.0.0"}}
2025-06-16T15:43:08.900Z [error]: Unhandled Rejection: {
  "service": "smurfguard-api",
  "environment": "development",
  "version": "2.0.0",
  "error": "Converting circular structure to JSON\n    --> starting at object with constructor 'ClientRequest'\n    |     property '_redirectable' -> object with constructor 'RedirectableRequest'\n    --- property '_currentRequest' closes the circle",
  "stack": "TypeError: Converting circular structure to JSON\n    --> starting at object with constructor 'ClientRequest'\n    |     property '_redirectable' -> object with constructor 'RedirectableRequest'\n    --- property '_currentRequest' closes the circle\n    at JSON.stringify (<anonymous>)\n    at Printf.template (D:\\Passion Project v2\\dist\\utils\\loggerService.js:19:16)\n    at Printf.transform (D:\\Passion Project v2\\node_modules\\logform\\printf.js:11:26)\n    at Format.transform (D:\\Passion Project v2\\node_modules\\logform\\combine.js:20:24)\n    at DerivedLogger._transform (D:\\Passion Project v2\\node_modules\\winston\\lib\\winston\\logger.js:314:29)\n    at Transform._read (D:\\Passion Project v2\\node_modules\\readable-stream\\lib\\_stream_transform.js:166:10)\n    at Transform._write (D:\\Passion Project v2\\node_modules\\readable-stream\\lib\\_stream_transform.js:155:83)\n    at doWrite (D:\\Passion Project v2\\node_modules\\readable-stream\\lib\\_stream_writable.js:390:139)\n    at writeOrBuffer (D:\\Passion Project v2\\node_modules\\readable-stream\\lib\\_stream_writable.js:381:5)\n    at Writable.write (D:\\Passion Project v2\\node_modules\\readable-stream\\lib\\_stream_writable.js:302:11)"
}
2025-06-16T15:45:21.043Z [error]: Basic analysis error for Reinegade: Converting circular structure to JSON
    --> starting at object with constructor 'ClientRequest'
    |     property '_redirectable' -> object with constructor 'RedirectableRequest'
    --- property '_currentRequest' closes the circle {
  "service": "smurfguard-api",
  "environment": "development",
  "version": "2.0.0",
  "stack": "TypeError: Converting circular structure to JSON\n    --> starting at object with constructor 'ClientRequest'\n    |     property '_redirectable' -> object with constructor 'RedirectableRequest'\n    --- property '_currentRequest' closes the circle\n    at JSON.stringify (<anonymous>)\n    at Printf.template (D:\\Passion Project v2\\dist\\utils\\loggerService.js:19:16)\n    at Printf.transform (D:\\Passion Project v2\\node_modules\\logform\\printf.js:11:26)\n    at Format.transform (D:\\Passion Project v2\\node_modules\\logform\\combine.js:20:24)\n    at DerivedLogger._transform (D:\\Passion Project v2\\node_modules\\winston\\lib\\winston\\logger.js:314:29)\n    at Transform._read (D:\\Passion Project v2\\node_modules\\readable-stream\\lib\\_stream_transform.js:166:10)\n    at Transform._write (D:\\Passion Project v2\\node_modules\\readable-stream\\lib\\_stream_transform.js:155:83)\n    at doWrite (D:\\Passion Project v2\\node_modules\\readable-stream\\lib\\_stream_writable.js:390:139)\n    at writeOrBuffer (D:\\Passion Project v2\\node_modules\\readable-stream\\lib\\_stream_writable.js:381:5)\n    at Writable.write (D:\\Passion Project v2\\node_modules\\readable-stream\\lib\\_stream_writable.js:302:11)"
}
2025-06-16T15:45:36.220Z [error]: Unhandled Rejection: {
  "service": "smurfguard-api",
  "environment": "development",
  "version": "2.0.0",
  "error": "Converting circular structure to JSON\n    --> starting at object with constructor 'ClientRequest'\n    |     property '_redirectable' -> object with constructor 'RedirectableRequest'\n    --- property '_currentRequest' closes the circle",
  "stack": "TypeError: Converting circular structure to JSON\n    --> starting at object with constructor 'ClientRequest'\n    |     property '_redirectable' -> object with constructor 'RedirectableRequest'\n    --- property '_currentRequest' closes the circle\n    at JSON.stringify (<anonymous>)\n    at Printf.template (D:\\Passion Project v2\\dist\\utils\\loggerService.js:19:16)\n    at Printf.transform (D:\\Passion Project v2\\node_modules\\logform\\printf.js:11:26)\n    at Format.transform (D:\\Passion Project v2\\node_modules\\logform\\combine.js:20:24)\n    at DerivedLogger._transform (D:\\Passion Project v2\\node_modules\\winston\\lib\\winston\\logger.js:314:29)\n    at Transform._read (D:\\Passion Project v2\\node_modules\\readable-stream\\lib\\_stream_transform.js:166:10)\n    at Transform._write (D:\\Passion Project v2\\node_modules\\readable-stream\\lib\\_stream_transform.js:155:83)\n    at doWrite (D:\\Passion Project v2\\node_modules\\readable-stream\\lib\\_stream_writable.js:390:139)\n    at writeOrBuffer (D:\\Passion Project v2\\node_modules\\readable-stream\\lib\\_stream_writable.js:381:5)\n    at Writable.write (D:\\Passion Project v2\\node_modules\\readable-stream\\lib\\_stream_writable.js:302:11)"
}
2025-06-16T15:46:20.679Z [error]: Unhandled Rejection: {
  "service": "smurfguard-api",
  "environment": "development",
  "version": "2.0.0",
  "error": "Converting circular structure to JSON\n    --> starting at object with constructor 'ClientRequest'\n    |     property '_redirectable' -> object with constructor 'RedirectableRequest'\n    --- property '_currentRequest' closes the circle",
  "stack": "TypeError: Converting circular structure to JSON\n    --> starting at object with constructor 'ClientRequest'\n    |     property '_redirectable' -> object with constructor 'RedirectableRequest'\n    --- property '_currentRequest' closes the circle\n    at JSON.stringify (<anonymous>)\n    at Printf.template (D:\\Passion Project v2\\dist\\utils\\loggerService.js:19:16)\n    at Printf.transform (D:\\Passion Project v2\\node_modules\\logform\\printf.js:11:26)\n    at Format.transform (D:\\Passion Project v2\\node_modules\\logform\\combine.js:20:24)\n    at DerivedLogger._transform (D:\\Passion Project v2\\node_modules\\winston\\lib\\winston\\logger.js:314:29)\n    at Transform._read (D:\\Passion Project v2\\node_modules\\readable-stream\\lib\\_stream_transform.js:166:10)\n    at Transform._write (D:\\Passion Project v2\\node_modules\\readable-stream\\lib\\_stream_transform.js:155:83)\n    at doWrite (D:\\Passion Project v2\\node_modules\\readable-stream\\lib\\_stream_writable.js:390:139)\n    at writeOrBuffer (D:\\Passion Project v2\\node_modules\\readable-stream\\lib\\_stream_writable.js:381:5)\n    at Writable.write (D:\\Passion Project v2\\node_modules\\readable-stream\\lib\\_stream_writable.js:302:11)"
}
2025-06-16T15:48:56.958Z [error]: Unhandled Rejection: {
  "service": "smurfguard-api",
  "environment": "development",
  "version": "2.0.0",
  "error": "Converting circular structure to JSON\n    --> starting at object with constructor 'ClientRequest'\n    |     property '_redirectable' -> object with constructor 'RedirectableRequest'\n    --- property '_currentRequest' closes the circle",
  "stack": "TypeError: Converting circular structure to JSON\n    --> starting at object with constructor 'ClientRequest'\n    |     property '_redirectable' -> object with constructor 'RedirectableRequest'\n    --- property '_currentRequest' closes the circle\n    at JSON.stringify (<anonymous>)\n    at Printf.template (D:\\Passion Project v2\\dist\\utils\\loggerService.js:19:16)\n    at Printf.transform (D:\\Passion Project v2\\node_modules\\logform\\printf.js:11:26)\n    at Format.transform (D:\\Passion Project v2\\node_modules\\logform\\combine.js:20:24)\n    at DerivedLogger._transform (D:\\Passion Project v2\\node_modules\\winston\\lib\\winston\\logger.js:314:29)\n    at Transform._read (D:\\Passion Project v2\\node_modules\\readable-stream\\lib\\_stream_transform.js:166:10)\n    at Transform._write (D:\\Passion Project v2\\node_modules\\readable-stream\\lib\\_stream_transform.js:155:83)\n    at doWrite (D:\\Passion Project v2\\node_modules\\readable-stream\\lib\\_stream_writable.js:390:139)\n    at writeOrBuffer (D:\\Passion Project v2\\node_modules\\readable-stream\\lib\\_stream_writable.js:381:5)\n    at Writable.write (D:\\Passion Project v2\\node_modules\\readable-stream\\lib\\_stream_writable.js:302:11)"
}
2025-06-16T15:50:44.608Z [error]: Unhandled Rejection: {
  "service": "smurfguard-api",
  "environment": "development",
  "version": "2.0.0",
  "error": "Converting circular structure to JSON\n    --> starting at object with constructor 'ClientRequest'\n    |     property '_redirectable' -> object with constructor 'RedirectableRequest'\n    --- property '_currentRequest' closes the circle",
  "stack": "TypeError: Converting circular structure to JSON\n    --> starting at object with constructor 'ClientRequest'\n    |     property '_redirectable' -> object with constructor 'RedirectableRequest'\n    --- property '_currentRequest' closes the circle\n    at JSON.stringify (<anonymous>)\n    at Printf.template (D:\\Passion Project v2\\dist\\utils\\loggerService.js:19:16)\n    at Printf.transform (D:\\Passion Project v2\\node_modules\\logform\\printf.js:11:26)\n    at Format.transform (D:\\Passion Project v2\\node_modules\\logform\\combine.js:20:24)\n    at DerivedLogger._transform (D:\\Passion Project v2\\node_modules\\winston\\lib\\winston\\logger.js:314:29)\n    at Transform._read (D:\\Passion Project v2\\node_modules\\readable-stream\\lib\\_stream_transform.js:166:10)\n    at Transform._write (D:\\Passion Project v2\\node_modules\\readable-stream\\lib\\_stream_transform.js:155:83)\n    at doWrite (D:\\Passion Project v2\\node_modules\\readable-stream\\lib\\_stream_writable.js:390:139)\n    at writeOrBuffer (D:\\Passion Project v2\\node_modules\\readable-stream\\lib\\_stream_writable.js:381:5)\n    at Writable.write (D:\\Passion Project v2\\node_modules\\readable-stream\\lib\\_stream_writable.js:302:11)"
}
